<?xml version="1.0" encoding="UTF-8"?>
<!-- Generated by org.testng.reporters.JUnitXMLReporter -->
<testsuite ignored="7" hostname="118716-001L-IND" failures="0" tests="1" name="Surefire test" time="0.05" errors="0" timestamp="2025-02-12T09:52:59 WIB">
  <testcase classname="testng.ParallelTestNG" name="scenarioTestGroup1" time="0.006"/>
  <testcase classname="testng.ParallelTestNG" name="scenarioTest2" time="0.0">
    <ignored/>
  </testcase> <!-- scenarioTest2 -->
  <testcase classname="testng.ParallelTestNG" name="scenarioTest5" time="0.0">
    <ignored/>
  </testcase> <!-- scenarioTest5 -->
  <testcase classname="testng.ParallelTestNG" name="scenarioTest3" time="0.0">
    <ignored/>
  </testcase> <!-- scenarioTest3 -->
  <testcase classname="testng.ParallelTestNG" name="scenarioTest1" time="0.0">
    <ignored/>
  </testcase> <!-- scenarioTest1 -->
  <testcase classname="testng.ParallelTestNG" name="scenarioTest4" time="0.0">
    <ignored/>
  </testcase> <!-- scenarioTest4 -->
  <testcase classname="testng.ParallelTestNG" name="scenarioTest6" time="0.0">
    <ignored/>
  </testcase> <!-- scenarioTest6 -->
  <testcase classname="testng.ParallelTestNG" name="scenarioTestGroup2" time="0.0">
    <ignored/>
  </testcase> <!-- scenarioTestGroup2 -->
</testsuite> <!-- Surefire test -->
