<?xml version="1.0" encoding="UTF-8"?>
<!-- Generated by org.testng.reporters.JUnitXMLReporter -->
<testsuite ignored="6" hostname="118716-001L-IND" failures="0" tests="1" name="Surefire test" time="3.941" errors="0" timestamp="2025-02-18T21:58:48 WIB">
  <testcase classname="testng.restassured.ValidationTest" name="addObjects" time="3.885"/>
  <testcase classname="testng.restassured.ValidationTest" name="listOfAllObject" time="0.0">
    <ignored/>
  </testcase> <!-- listOfAllObject -->
  <testcase classname="testng.restassured.ValidationTest" name="getSingleObject" time="0.0">
    <ignored/>
  </testcase> <!-- getSingleObject -->
  <testcase classname="testng.restassured.ValidationTest" name="updatePartialObject" time="0.0">
    <ignored/>
  </testcase> <!-- updatePartialObject -->
  <testcase classname="testng.restassured.ValidationTest" name="updateObject" time="0.0">
    <ignored/>
  </testcase> <!-- updateObject -->
  <testcase classname="testng.restassured.ValidationTest" name="listOfObjectsById" time="0.0">
    <ignored/>
  </testcase> <!-- listOfObjectsById -->
  <testcase classname="testng.restassured.ValidationTest" name="deleteObjects" time="0.0">
    <ignored/>
  </testcase> <!-- deleteObjects -->
</testsuite> <!-- Surefire test -->
