<?xml version="1.0" encoding="UTF-8"?>
<!-- Generated by org.testng.reporters.JUnitXMLReporter -->
<testsuite ignored="0" hostname="118716-001L-IND" failures="0" tests="6" name="MyTestGroup" time="0.079" errors="0" timestamp="2025-02-12T00:37:23 WIB">
  <testcase classname="testng.TestNG" name="scenarioTest1" time="0.011"/>
  <testcase classname="testng.TestNG" name="getDataProvider" time="0.012"/>
  <testcase classname="testng.TestNG" name="getDataProvider" time="0.001"/>
  <testcase classname="testng.TestNG" name="scenarioTest2" time="0.0"/>
  <testcase classname="testng.TestNG" name="getDataProvider" time="0.001"/>
  <testcase classname="testng.TestNG" name="scenarioTest3" time="0.001"/>
</testsuite> <!-- MyTestGroup -->
