<?xml version="1.0" encoding="UTF-8"?>
<testng-results ignored="0" total="16" passed="16" failed="0" skipped="0">
  <reporter-output>
  </reporter-output>
  <suite started-at="2025-02-12T11:03:36 WIB" name="Annotation Execution Suite" finished-at="2025-02-12T11:03:36 WIB" duration-ms="119">
    <groups>
      <group name="funcast">
        <method signature="ParallelTestNG.scenarioTestGroupFuncast()[pri:0, instance:testng.ParallelTestNG@3d680b5a]" name="scenarioTestGroupFuncast" class="testng.ParallelTestNG"/>
      </group> <!-- funcast -->
      <group name="scenario1">
        <method signature="ParallelTestNG.scenarioTestGroup1()[pri:0, instance:testng.ParallelTestNG@3d680b5a]" name="scenarioTestGroup1" class="testng.ParallelTestNG"/>
      </group> <!-- scenario1 -->
      <group name="scenario2">
        <method signature="ParallelTestNG.scenarioTestGroup2()[pri:0, instance:testng.ParallelTestNG@3d680b5a]" name="scenarioTestGroup2" class="testng.ParallelTestNG"/>
      </group> <!-- scenario2 -->
      <group name="group">
        <method signature="ParallelTestNG.scenarioTestGroup1()[pri:0, instance:testng.ParallelTestNG@3d680b5a]" name="scenarioTestGroup1" class="testng.ParallelTestNG"/>
        <method signature="ParallelTestNG.scenarioTestGroup2()[pri:0, instance:testng.ParallelTestNG@3d680b5a]" name="scenarioTestGroup2" class="testng.ParallelTestNG"/>
      </group> <!-- group -->
    </groups>
    <test started-at="2025-02-12T11:03:36 WIB" name="MyTestGroup" finished-at="2025-02-12T11:03:36 WIB" duration-ms="119">
      <class name="testng.TestNG">
        <test-method is-config="true" signature="setUpClass()[pri:0, instance:testng.TestNG@1cbbffcd]" started-at="2025-02-12T11:03:36 WIB" name="setUpClass" finished-at="2025-02-12T11:03:36 WIB" duration-ms="5" status="PASS">
          <reporter-output>
          </reporter-output>
        </test-method> <!-- setUpClass -->
        <test-method is-config="true" signature="setUp()[pri:0, instance:testng.TestNG@1cbbffcd]" started-at="2025-02-12T11:03:36 WIB" name="setUp" finished-at="2025-02-12T11:03:36 WIB" duration-ms="0" status="PASS">
          <reporter-output>
          </reporter-output>
        </test-method> <!-- setUp -->
        <test-method is-config="true" signature="setUp()[pri:0, instance:testng.TestNG@1cbbffcd]" started-at="2025-02-12T11:03:36 WIB" name="setUp" finished-at="2025-02-12T11:03:36 WIB" duration-ms="0" status="PASS">
          <reporter-output>
          </reporter-output>
        </test-method> <!-- setUp -->
        <test-method signature="scenarioTest2()[pri:0, instance:testng.TestNG@1cbbffcd]" started-at="2025-02-12T11:03:36 WIB" name="scenarioTest2" finished-at="2025-02-12T11:03:36 WIB" duration-ms="1" status="PASS">
          <reporter-output>
          </reporter-output>
        </test-method> <!-- scenarioTest2 -->
        <test-method signature="scenarioTest1()[pri:0, instance:testng.TestNG@1cbbffcd]" started-at="2025-02-12T11:03:36 WIB" name="scenarioTest1" finished-at="2025-02-12T11:03:36 WIB" duration-ms="0" status="PASS">
          <reporter-output>
          </reporter-output>
        </test-method> <!-- scenarioTest1 -->
        <test-method is-config="true" signature="closeUp()[pri:0, instance:testng.TestNG@1cbbffcd]" started-at="2025-02-12T11:03:36 WIB" name="closeUp" finished-at="2025-02-12T11:03:36 WIB" duration-ms="2" status="PASS">
          <reporter-output>
          </reporter-output>
        </test-method> <!-- closeUp -->
        <test-method is-config="true" signature="closeUp()[pri:0, instance:testng.TestNG@1cbbffcd]" started-at="2025-02-12T11:03:36 WIB" name="closeUp" finished-at="2025-02-12T11:03:36 WIB" duration-ms="1" status="PASS">
          <reporter-output>
          </reporter-output>
        </test-method> <!-- closeUp -->
        <test-method signature="getDataProvider(java.lang.String,int)[pri:0, instance:testng.TestNG@1cbbffcd]" started-at="2025-02-12T11:03:36 WIB" name="getDataProvider" data-provider="dataTest" finished-at="2025-02-12T11:03:36 WIB" duration-ms="10" status="PASS">
          <params>
            <param index="0">
              <value>
                <![CDATA[Rifky]]>
              </value>
            </param>
            <param index="1">
              <value>
                <![CDATA[23]]>
              </value>
            </param>
          </params>
          <reporter-output>
          </reporter-output>
        </test-method> <!-- getDataProvider -->
        <test-method is-config="true" signature="setUp()[pri:0, instance:testng.TestNG@1cbbffcd]" started-at="2025-02-12T11:03:36 WIB" name="setUp" finished-at="2025-02-12T11:03:36 WIB" duration-ms="0" status="PASS">
          <reporter-output>
          </reporter-output>
        </test-method> <!-- setUp -->
        <test-method is-config="true" signature="setUp()[pri:0, instance:testng.TestNG@1cbbffcd]" started-at="2025-02-12T11:03:36 WIB" name="setUp" finished-at="2025-02-12T11:03:36 WIB" duration-ms="0" status="PASS">
          <reporter-output>
          </reporter-output>
        </test-method> <!-- setUp -->
        <test-method signature="scenarioTest3()[pri:0, instance:testng.TestNG@1cbbffcd]" started-at="2025-02-12T11:03:36 WIB" name="scenarioTest3" finished-at="2025-02-12T11:03:36 WIB" duration-ms="1" status="PASS">
          <reporter-output>
          </reporter-output>
        </test-method> <!-- scenarioTest3 -->
        <test-method is-config="true" signature="closeUp()[pri:0, instance:testng.TestNG@1cbbffcd]" started-at="2025-02-12T11:03:36 WIB" name="closeUp" finished-at="2025-02-12T11:03:36 WIB" duration-ms="1" status="PASS">
          <reporter-output>
          </reporter-output>
        </test-method> <!-- closeUp -->
        <test-method is-config="true" signature="closeUp()[pri:0, instance:testng.TestNG@1cbbffcd]" started-at="2025-02-12T11:03:36 WIB" name="closeUp" finished-at="2025-02-12T11:03:36 WIB" duration-ms="1" status="PASS">
          <reporter-output>
          </reporter-output>
        </test-method> <!-- closeUp -->
        <test-method is-config="true" signature="setUp()[pri:0, instance:testng.TestNG@1cbbffcd]" started-at="2025-02-12T11:03:36 WIB" name="setUp" finished-at="2025-02-12T11:03:36 WIB" duration-ms="1" status="PASS">
          <reporter-output>
          </reporter-output>
        </test-method> <!-- setUp -->
        <test-method signature="getDataProvider(java.lang.String,int)[pri:0, instance:testng.TestNG@1cbbffcd]" started-at="2025-02-12T11:03:36 WIB" name="getDataProvider" data-provider="dataTest" finished-at="2025-02-12T11:03:36 WIB" duration-ms="1" status="PASS">
          <params>
            <param index="0">
              <value>
                <![CDATA[Akmal]]>
              </value>
            </param>
            <param index="1">
              <value>
                <![CDATA[20]]>
              </value>
            </param>
          </params>
          <reporter-output>
          </reporter-output>
        </test-method> <!-- getDataProvider -->
        <test-method is-config="true" signature="closeUp()[pri:0, instance:testng.TestNG@1cbbffcd]" started-at="2025-02-12T11:03:36 WIB" name="closeUp" finished-at="2025-02-12T11:03:36 WIB" duration-ms="1" status="PASS">
          <reporter-output>
          </reporter-output>
        </test-method> <!-- closeUp -->
        <test-method is-config="true" signature="setUp()[pri:0, instance:testng.TestNG@1cbbffcd]" started-at="2025-02-12T11:03:36 WIB" name="setUp" finished-at="2025-02-12T11:03:36 WIB" duration-ms="0" status="PASS">
          <reporter-output>
          </reporter-output>
        </test-method> <!-- setUp -->
        <test-method signature="getDataProvider(java.lang.String,int)[pri:0, instance:testng.TestNG@1cbbffcd]" started-at="2025-02-12T11:03:36 WIB" name="getDataProvider" data-provider="dataTest" finished-at="2025-02-12T11:03:36 WIB" duration-ms="0" status="PASS">
          <params>
            <param index="0">
              <value>
                <![CDATA[Shadam]]>
              </value>
            </param>
            <param index="1">
              <value>
                <![CDATA[28]]>
              </value>
            </param>
          </params>
          <reporter-output>
          </reporter-output>
        </test-method> <!-- getDataProvider -->
        <test-method is-config="true" signature="closeUp()[pri:0, instance:testng.TestNG@1cbbffcd]" started-at="2025-02-12T11:03:36 WIB" name="closeUp" finished-at="2025-02-12T11:03:36 WIB" duration-ms="1" status="PASS">
          <reporter-output>
          </reporter-output>
        </test-method> <!-- closeUp -->
        <test-method is-config="true" signature="closeUpClass()[pri:0, instance:testng.TestNG@1cbbffcd]" started-at="2025-02-12T11:03:36 WIB" name="closeUpClass" finished-at="2025-02-12T11:03:36 WIB" duration-ms="0" status="PASS">
          <reporter-output>
          </reporter-output>
        </test-method> <!-- closeUpClass -->
      </class> <!-- testng.TestNG -->
      <class name="testng.ParallelTestNG">
        <test-method signature="scenarioTest2()[pri:0, instance:testng.ParallelTestNG@3d680b5a]" started-at="2025-02-12T11:03:36 WIB" name="scenarioTest2" finished-at="2025-02-12T11:03:36 WIB" duration-ms="11" status="PASS">
          <reporter-output>
          </reporter-output>
        </test-method> <!-- scenarioTest2 -->
        <test-method signature="scenarioTest1()[pri:0, instance:testng.ParallelTestNG@3d680b5a]" started-at="2025-02-12T11:03:36 WIB" name="scenarioTest1" finished-at="2025-02-12T11:03:36 WIB" duration-ms="11" status="PASS">
          <reporter-output>
          </reporter-output>
        </test-method> <!-- scenarioTest1 -->
        <test-method signature="getValueParam(java.lang.String)[pri:0, instance:testng.ParallelTestNG@3d680b5a]" started-at="2025-02-12T11:03:36 WIB" name="getValueParam" finished-at="2025-02-12T11:03:36 WIB" duration-ms="10" status="PASS">
          <params>
            <param index="0">
              <value>
                <![CDATA[Bootcamp API Automation]]>
              </value>
            </param>
          </params>
          <reporter-output>
          </reporter-output>
        </test-method> <!-- getValueParam -->
        <test-method signature="scenarioTest3()[pri:0, instance:testng.ParallelTestNG@3d680b5a]" started-at="2025-02-12T11:03:36 WIB" name="scenarioTest3" finished-at="2025-02-12T11:03:36 WIB" duration-ms="1" status="PASS">
          <reporter-output>
          </reporter-output>
        </test-method> <!-- scenarioTest3 -->
        <test-method signature="scenarioTest4()[pri:0, instance:testng.ParallelTestNG@3d680b5a]" started-at="2025-02-12T11:03:36 WIB" name="scenarioTest4" finished-at="2025-02-12T11:03:36 WIB" duration-ms="1" status="PASS">
          <reporter-output>
          </reporter-output>
        </test-method> <!-- scenarioTest4 -->
        <test-method signature="scenarioTest5()[pri:0, instance:testng.ParallelTestNG@3d680b5a]" started-at="2025-02-12T11:03:36 WIB" name="scenarioTest5" finished-at="2025-02-12T11:03:36 WIB" duration-ms="1" status="PASS">
          <reporter-output>
          </reporter-output>
        </test-method> <!-- scenarioTest5 -->
        <test-method signature="scenarioTest6()[pri:0, instance:testng.ParallelTestNG@3d680b5a]" started-at="2025-02-12T11:03:36 WIB" name="scenarioTest6" finished-at="2025-02-12T11:03:36 WIB" duration-ms="1" status="PASS">
          <reporter-output>
          </reporter-output>
        </test-method> <!-- scenarioTest6 -->
        <test-method signature="scenarioTestGroup2()[pri:0, instance:testng.ParallelTestNG@3d680b5a]" started-at="2025-02-12T11:03:36 WIB" name="scenarioTestGroup2" finished-at="2025-02-12T11:03:36 WIB" duration-ms="1" status="PASS">
          <reporter-output>
          </reporter-output>
        </test-method> <!-- scenarioTestGroup2 -->
        <test-method signature="scenarioTestGroup1()[pri:0, instance:testng.ParallelTestNG@3d680b5a]" started-at="2025-02-12T11:03:36 WIB" name="scenarioTestGroup1" finished-at="2025-02-12T11:03:36 WIB" duration-ms="1" status="PASS">
          <reporter-output>
          </reporter-output>
        </test-method> <!-- scenarioTestGroup1 -->
        <test-method signature="scenarioTestGroupFuncast()[pri:0, instance:testng.ParallelTestNG@3d680b5a]" started-at="2025-02-12T11:03:36 WIB" name="scenarioTestGroupFuncast" finished-at="2025-02-12T11:03:36 WIB" duration-ms="0" status="PASS">
          <reporter-output>
          </reporter-output>
        </test-method> <!-- scenarioTestGroupFuncast -->
      </class> <!-- testng.ParallelTestNG -->
    </test> <!-- MyTestGroup -->
  </suite> <!-- Annotation Execution Suite -->
</testng-results>
