<?xml version="1.0" encoding="UTF-8"?>
<testng-results ignored="0" total="1" passed="1" failed="0" skipped="0">
  <reporter-output>
  </reporter-output>
  <suite started-at="2025-02-19T00:08:19 WIB" name="Surefire suite" finished-at="2025-02-19T00:08:23 WIB" duration-ms="4388">
    <groups>
    </groups>
    <test started-at="2025-02-19T00:08:19 WIB" name="Surefire test" finished-at="2025-02-19T00:08:23 WIB" duration-ms="4388">
      <class name="testng.submission.ScenarioE2E">
        <test-method signature="scenatioE2ETest()[pri:0, instance:testng.submission.ScenarioE2E@5db45159]" started-at="2025-02-19T00:08:19 WIB" name="scenatioE2ETest" finished-at="2025-02-19T00:08:23 WIB" duration-ms="4333" status="PASS">
          <reporter-output>
          </reporter-output>
        </test-method> <!-- scenatioE2ETest -->
      </class> <!-- testng.submission.ScenarioE2E -->
    </test> <!-- Surefire test -->
  </suite> <!-- Surefire suite -->
</testng-results>
