<?xml version="1.0" encoding="UTF-8"?>
<testsuite xmlns:xsi="http://www.w3.org/2001/XMLSchema-instance" xsi:noNamespaceSchemaLocation="https://maven.apache.org/surefire/maven-surefire-plugin/xsd/surefire-test-report.xsd" name="TestSuite" time="0.776" tests="6" errors="0" skipped="0" failures="0">
  <properties>
[...]
</properties>
  <testcase name="scenarioTest1" classname="testng.TestNG" time="0.01"/>
  <testcase name="getDataProvider" classname="testng.TestNG" time="0.011"/>
  <testcase name="getDataProvider" classname="testng.TestNG" time="0"/>
  <testcase name="getDataProvider" classname="testng.TestNG" time="0"/>
  <testcase name="scenarioTest2" classname="testng.TestNG" time="0"/>
  <testcase name="scenarioTest3" classname="testng.TestNG" time="0.002"/>
</testsuite>